Created by PLY version 3.11 (http://www.dabeaz.com/ply)

Grammar

Rule 0     S' -> statement
Rule 1     statement -> IDENTIFIER EQUALS expression
Rule 2     statement -> expression
Rule 3     expression -> expression PLUS expression
Rule 4     expression -> expression MINUS expression
Rule 5     expression -> expression TIMES expression
Rule 6     expression -> expression DIVIDE expression
Rule 7     expression -> MINUS expression
Rule 8     expression -> LPAREN expression RPAREN
Rule 9     expression -> NUMBER
Rule 10    expression -> IDENTIFIER

Terminals, with rules where they appear

DIVIDE               : 6
EQUALS               : 1
IDENTIFIER           : 1 10
LPAREN               : 8
MINUS                : 4 7
NUMBER               : 9
PLUS                 : 3
RPAREN               : 8
TIMES                : 5
error                : 

Nonterminals, with rules where they appear

expression           : 1 2 3 3 4 4 5 5 6 6 7 8
statement            : 0

Parsing method: LALR

state 0

    (0) S' -> . statement
    (1) statement -> . IDENTIFIER EQUALS expression
    (2) statement -> . expression
    (3) expression -> . expression PLUS expression
    (4) expression -> . expression MINUS expression
    (5) expression -> . expression TIMES expression
    (6) expression -> . expression DIVIDE expression
    (7) expression -> . MINUS expression
    (8) expression -> . LPAREN expression RPAREN
    (9) expression -> . NUMBER
    (10) expression -> . IDENTIFIER

    IDENTIFIER      shift and go to state 2
    MINUS           shift and go to state 4
    LPAREN          shift and go to state 5
    NUMBER          shift and go to state 6

    statement                      shift and go to state 1
    expression                     shift and go to state 3

state 1

    (0) S' -> statement .



state 2

    (1) statement -> IDENTIFIER . EQUALS expression
    (10) expression -> IDENTIFIER .

    EQUALS          shift and go to state 7
    PLUS            reduce using rule 10 (expression -> IDENTIFIER .)
    MINUS           reduce using rule 10 (expression -> IDENTIFIER .)
    TIMES           reduce using rule 10 (expression -> IDENTIFIER .)
    DIVIDE          reduce using rule 10 (expression -> IDENTIFIER .)
    $end            reduce using rule 10 (expression -> IDENTIFIER .)


state 3

    (2) statement -> expression .
    (3) expression -> expression . PLUS expression
    (4) expression -> expression . MINUS expression
    (5) expression -> expression . TIMES expression
    (6) expression -> expression . DIVIDE expression

    $end            reduce using rule 2 (statement -> expression .)
    PLUS            shift and go to state 8
    MINUS           shift and go to state 9
    TIMES           shift and go to state 10
    DIVIDE          shift and go to state 11


state 4

    (7) expression -> MINUS . expression
    (3) expression -> . expression PLUS expression
    (4) expression -> . expression MINUS expression
    (5) expression -> . expression TIMES expression
    (6) expression -> . expression DIVIDE expression
    (7) expression -> . MINUS expression
    (8) expression -> . LPAREN expression RPAREN
    (9) expression -> . NUMBER
    (10) expression -> . IDENTIFIER

    MINUS           shift and go to state 4
    LPAREN          shift and go to state 5
    NUMBER          shift and go to state 6
    IDENTIFIER      shift and go to state 13

    expression                     shift and go to state 12

state 5

    (8) expression -> LPAREN . expression RPAREN
    (3) expression -> . expression PLUS expression
    (4) expression -> . expression MINUS expression
    (5) expression -> . expression TIMES expression
    (6) expression -> . expression DIVIDE expression
    (7) expression -> . MINUS expression
    (8) expression -> . LPAREN expression RPAREN
    (9) expression -> . NUMBER
    (10) expression -> . IDENTIFIER

    MINUS           shift and go to state 4
    LPAREN          shift and go to state 5
    NUMBER          shift and go to state 6
    IDENTIFIER      shift and go to state 13

    expression                     shift and go to state 14

state 6

    (9) expression -> NUMBER .

    PLUS            reduce using rule 9 (expression -> NUMBER .)
    MINUS           reduce using rule 9 (expression -> NUMBER .)
    TIMES           reduce using rule 9 (expression -> NUMBER .)
    DIVIDE          reduce using rule 9 (expression -> NUMBER .)
    $end            reduce using rule 9 (expression -> NUMBER .)
    RPAREN          reduce using rule 9 (expression -> NUMBER .)


state 7

    (1) statement -> IDENTIFIER EQUALS . expression
    (3) expression -> . expression PLUS expression
    (4) expression -> . expression MINUS expression
    (5) expression -> . expression TIMES expression
    (6) expression -> . expression DIVIDE expression
    (7) expression -> . MINUS expression
    (8) expression -> . LPAREN expression RPAREN
    (9) expression -> . NUMBER
    (10) expression -> . IDENTIFIER

    MINUS           shift and go to state 4
    LPAREN          shift and go to state 5
    NUMBER          shift and go to state 6
    IDENTIFIER      shift and go to state 13

    expression                     shift and go to state 15

state 8

    (3) expression -> expression PLUS . expression
    (3) expression -> . expression PLUS expression
    (4) expression -> . expression MINUS expression
    (5) expression -> . expression TIMES expression
    (6) expression -> . expression DIVIDE expression
    (7) expression -> . MINUS expression
    (8) expression -> . LPAREN expression RPAREN
    (9) expression -> . NUMBER
    (10) expression -> . IDENTIFIER

    MINUS           shift and go to state 4
    LPAREN          shift and go to state 5
    NUMBER          shift and go to state 6
    IDENTIFIER      shift and go to state 13

    expression                     shift and go to state 16

state 9

    (4) expression -> expression MINUS . expression
    (3) expression -> . expression PLUS expression
    (4) expression -> . expression MINUS expression
    (5) expression -> . expression TIMES expression
    (6) expression -> . expression DIVIDE expression
    (7) expression -> . MINUS expression
    (8) expression -> . LPAREN expression RPAREN
    (9) expression -> . NUMBER
    (10) expression -> . IDENTIFIER

    MINUS           shift and go to state 4
    LPAREN          shift and go to state 5
    NUMBER          shift and go to state 6
    IDENTIFIER      shift and go to state 13

    expression                     shift and go to state 17

state 10

    (5) expression -> expression TIMES . expression
    (3) expression -> . expression PLUS expression
    (4) expression -> . expression MINUS expression
    (5) expression -> . expression TIMES expression
    (6) expression -> . expression DIVIDE expression
    (7) expression -> . MINUS expression
    (8) expression -> . LPAREN expression RPAREN
    (9) expression -> . NUMBER
    (10) expression -> . IDENTIFIER

    MINUS           shift and go to state 4
    LPAREN          shift and go to state 5
    NUMBER          shift and go to state 6
    IDENTIFIER      shift and go to state 13

    expression                     shift and go to state 18

state 11

    (6) expression -> expression DIVIDE . expression
    (3) expression -> . expression PLUS expression
    (4) expression -> . expression MINUS expression
    (5) expression -> . expression TIMES expression
    (6) expression -> . expression DIVIDE expression
    (7) expression -> . MINUS expression
    (8) expression -> . LPAREN expression RPAREN
    (9) expression -> . NUMBER
    (10) expression -> . IDENTIFIER

    MINUS           shift and go to state 4
    LPAREN          shift and go to state 5
    NUMBER          shift and go to state 6
    IDENTIFIER      shift and go to state 13

    expression                     shift and go to state 19

state 12

    (7) expression -> MINUS expression .
    (3) expression -> expression . PLUS expression
    (4) expression -> expression . MINUS expression
    (5) expression -> expression . TIMES expression
    (6) expression -> expression . DIVIDE expression

    PLUS            reduce using rule 7 (expression -> MINUS expression .)
    MINUS           reduce using rule 7 (expression -> MINUS expression .)
    TIMES           reduce using rule 7 (expression -> MINUS expression .)
    DIVIDE          reduce using rule 7 (expression -> MINUS expression .)
    $end            reduce using rule 7 (expression -> MINUS expression .)
    RPAREN          reduce using rule 7 (expression -> MINUS expression .)

  ! PLUS            [ shift and go to state 8 ]
  ! MINUS           [ shift and go to state 9 ]
  ! TIMES           [ shift and go to state 10 ]
  ! DIVIDE          [ shift and go to state 11 ]


state 13

    (10) expression -> IDENTIFIER .

    PLUS            reduce using rule 10 (expression -> IDENTIFIER .)
    MINUS           reduce using rule 10 (expression -> IDENTIFIER .)
    TIMES           reduce using rule 10 (expression -> IDENTIFIER .)
    DIVIDE          reduce using rule 10 (expression -> IDENTIFIER .)
    $end            reduce using rule 10 (expression -> IDENTIFIER .)
    RPAREN          reduce using rule 10 (expression -> IDENTIFIER .)


state 14

    (8) expression -> LPAREN expression . RPAREN
    (3) expression -> expression . PLUS expression
    (4) expression -> expression . MINUS expression
    (5) expression -> expression . TIMES expression
    (6) expression -> expression . DIVIDE expression

    RPAREN          shift and go to state 20
    PLUS            shift and go to state 8
    MINUS           shift and go to state 9
    TIMES           shift and go to state 10
    DIVIDE          shift and go to state 11


state 15

    (1) statement -> IDENTIFIER EQUALS expression .
    (3) expression -> expression . PLUS expression
    (4) expression -> expression . MINUS expression
    (5) expression -> expression . TIMES expression
    (6) expression -> expression . DIVIDE expression

    $end            reduce using rule 1 (statement -> IDENTIFIER EQUALS expression .)
    PLUS            shift and go to state 8
    MINUS           shift and go to state 9
    TIMES           shift and go to state 10
    DIVIDE          shift and go to state 11


state 16

    (3) expression -> expression PLUS expression .
    (3) expression -> expression . PLUS expression
    (4) expression -> expression . MINUS expression
    (5) expression -> expression . TIMES expression
    (6) expression -> expression . DIVIDE expression

    PLUS            reduce using rule 3 (expression -> expression PLUS expression .)
    MINUS           reduce using rule 3 (expression -> expression PLUS expression .)
    $end            reduce using rule 3 (expression -> expression PLUS expression .)
    RPAREN          reduce using rule 3 (expression -> expression PLUS expression .)
    TIMES           shift and go to state 10
    DIVIDE          shift and go to state 11

  ! TIMES           [ reduce using rule 3 (expression -> expression PLUS expression .) ]
  ! DIVIDE          [ reduce using rule 3 (expression -> expression PLUS expression .) ]
  ! PLUS            [ shift and go to state 8 ]
  ! MINUS           [ shift and go to state 9 ]


state 17

    (4) expression -> expression MINUS expression .
    (3) expression -> expression . PLUS expression
    (4) expression -> expression . MINUS expression
    (5) expression -> expression . TIMES expression
    (6) expression -> expression . DIVIDE expression

    PLUS            reduce using rule 4 (expression -> expression MINUS expression .)
    MINUS           reduce using rule 4 (expression -> expression MINUS expression .)
    $end            reduce using rule 4 (expression -> expression MINUS expression .)
    RPAREN          reduce using rule 4 (expression -> expression MINUS expression .)
    TIMES           shift and go to state 10
    DIVIDE          shift and go to state 11

  ! TIMES           [ reduce using rule 4 (expression -> expression MINUS expression .) ]
  ! DIVIDE          [ reduce using rule 4 (expression -> expression MINUS expression .) ]
  ! PLUS            [ shift and go to state 8 ]
  ! MINUS           [ shift and go to state 9 ]


state 18

    (5) expression -> expression TIMES expression .
    (3) expression -> expression . PLUS expression
    (4) expression -> expression . MINUS expression
    (5) expression -> expression . TIMES expression
    (6) expression -> expression . DIVIDE expression

    PLUS            reduce using rule 5 (expression -> expression TIMES expression .)
    MINUS           reduce using rule 5 (expression -> expression TIMES expression .)
    TIMES           reduce using rule 5 (expression -> expression TIMES expression .)
    DIVIDE          reduce using rule 5 (expression -> expression TIMES expression .)
    $end            reduce using rule 5 (expression -> expression TIMES expression .)
    RPAREN          reduce using rule 5 (expression -> expression TIMES expression .)

  ! PLUS            [ shift and go to state 8 ]
  ! MINUS           [ shift and go to state 9 ]
  ! TIMES           [ shift and go to state 10 ]
  ! DIVIDE          [ shift and go to state 11 ]


state 19

    (6) expression -> expression DIVIDE expression .
    (3) expression -> expression . PLUS expression
    (4) expression -> expression . MINUS expression
    (5) expression -> expression . TIMES expression
    (6) expression -> expression . DIVIDE expression

    PLUS            reduce using rule 6 (expression -> expression DIVIDE expression .)
    MINUS           reduce using rule 6 (expression -> expression DIVIDE expression .)
    TIMES           reduce using rule 6 (expression -> expression DIVIDE expression .)
    DIVIDE          reduce using rule 6 (expression -> expression DIVIDE expression .)
    $end            reduce using rule 6 (expression -> expression DIVIDE expression .)
    RPAREN          reduce using rule 6 (expression -> expression DIVIDE expression .)

  ! PLUS            [ shift and go to state 8 ]
  ! MINUS           [ shift and go to state 9 ]
  ! TIMES           [ shift and go to state 10 ]
  ! DIVIDE          [ shift and go to state 11 ]


state 20

    (8) expression -> LPAREN expression RPAREN .

    PLUS            reduce using rule 8 (expression -> LPAREN expression RPAREN .)
    MINUS           reduce using rule 8 (expression -> LPAREN expression RPAREN .)
    TIMES           reduce using rule 8 (expression -> LPAREN expression RPAREN .)
    DIVIDE          reduce using rule 8 (expression -> LPAREN expression RPAREN .)
    $end            reduce using rule 8 (expression -> LPAREN expression RPAREN .)
    RPAREN          reduce using rule 8 (expression -> LPAREN expression RPAREN .)

